[38;2;112;172;222m2026-06-28 19:51:08[0m | [38;2;61;208;141mSUCCESS[0m: [97m🥳 cookie 有效[0m
[38;2;112;172;222m2026-06-28 19:51:09[0m | [38;2;156;191;221mINFO[0m: [97m🧍 小人先检查 cookie、图片和发布时间[0m
[38;2;112;172;222m2026-06-28 19:51:16[0m | [38;2;61;208;141mSUCCESS[0m: [97m🥳 cookie 有效[0m
[38;2;112;172;222m2026-06-28 19:51:16[0m | [38;2;156;191;221mINFO[0m: [97m🥳 图文上传前检查通过[0m
[38;2;112;172;222m2026-06-28 19:51:18[0m | [38;2;156;191;221mINFO[0m: [97m🧭 小人正在赶往快手图文发布页[0m
[38;2;112;172;222m2026-06-28 19:51:18[0m | [38;2;156;191;221mINFO[0m: [97m🏃 小人开始搬运图文，共 8 张图片[0m
[38;2;112;172;222m2026-06-28 19:51:18[0m | [38;2;156;191;221mINFO[0m: [97m🔀 小人正在切换到图文发布[0m
[38;2;112;172;222m2026-06-28 19:51:20[0m | [38;2;156;191;221mINFO[0m: [97m📤 小人正在上传图片[0m
未检测到 Joyride 遮罩，继续执行
[38;2;112;172;222m2026-06-28 19:51:20[0m | [38;2;156;191;221mINFO[0m: [97m✍️ 小人开始填写图文内容和话题[0m
[38;2;112;172;222m2026-06-28 19:51:22[0m | [38;2;156;191;221mINFO[0m: [97m🏷️ 小人正在添加第 1 个话题: #生图提示词[0m
[38;2;112;172;222m2026-06-28 19:51:24[0m | [38;2;156;191;221mINFO[0m: [97m🏷️ 小人正在添加第 2 个话题: #Prompt[0m
[38;2;112;172;222m2026-06-28 19:51:26[0m | [38;2;156;191;221mINFO[0m: [97m🏷️ 小人正在添加第 3 个话题: #女友感[0m
[38;2;112;172;222m2026-06-28 19:51:28[0m | [38;2;61;208;141mSUCCESS[0m: [97m🥳 图文素材已经传完啦[0m
[38;2;112;172;222m2026-06-28 19:51:28[0m | [38;2;156;191;221mINFO[0m: [97m🔍 当前URL: https://cp.kuaishou.com/article/publish/video[0m
[38;2;112;172;222m2026-06-28 19:51:28[0m | [38;2;156;191;221mINFO[0m: [97m🔍 找到「发布」按钮数量: 1[0m
[38;2;112;172;222m2026-06-28 19:51:28[0m | [38;2;156;191;221mINFO[0m: [97m🔍 发布按钮tag: DIV, disabled: False[0m
[38;2;112;172;222m2026-06-28 19:51:28[0m | [38;2;156;191;221mINFO[0m: [97m🔍 发布按钮HTML: <div>发布</div>[0m
[38;2;112;172;222m2026-06-28 19:51:30[0m | [38;2;156;191;221mINFO[0m: [97m🔍 弹窗数量: 0[0m
[38;2;112;172;222m2026-06-28 19:51:30[0m | [38;2;61;208;141mSUCCESS[0m: [97m🥳 图文发布成功，小人开心收工[0m
[38;2;112;172;222m2026-06-28 19:51:30[0m | [38;2;61;208;141mSUCCESS[0m: [97m🥳 cookie 更新完毕[0m
Kuaishou note upload submitted: 8 images
